2011-03-23 17:34:34,116 - Log4JLogChute initialized using file 'velocity.log'
2011-03-23 17:34:34,117 - Initializing Velocity, Calling init()...
2011-03-23 17:34:34,117 - *******************************************************************
2011-03-23 17:34:34,117 - Starting Apache Velocity v1.7 (compiled: 2010-11-19 12:14:37)
2011-03-23 17:34:34,117 - RuntimeInstance initializing.
2011-03-23 17:34:34,117 - Default Properties File: org/apache/velocity/runtime/defaults/velocity.properties
2011-03-23 17:34:34,117 - Trying to use logger class org.apache.velocity.runtime.log.AvalonLogChute
2011-03-23 17:34:34,117 - Target log system for org.apache.velocity.runtime.log.AvalonLogChute is not available (java.lang.NoClassDefFoundError: org/apache/log/format/Formatter).  Falling back to next log system...
2011-03-23 17:34:34,117 - Trying to use logger class org.apache.velocity.runtime.log.Log4JLogChute
2011-03-23 17:34:34,117 - Using logger class org.apache.velocity.runtime.log.Log4JLogChute
2011-03-23 17:34:34,119 - Default ResourceManager initializing. (class org.apache.velocity.runtime.resource.ResourceManagerImpl)
2011-03-23 17:34:34,121 - ResourceLoader instantiated: org.apache.velocity.runtime.resource.loader.FileResourceLoader
2011-03-23 17:34:34,122 - FileResourceLoader : initialization starting.
2011-03-23 17:34:34,122 - Do unicode file recognition:  false
2011-03-23 17:34:34,122 - FileResourceLoader : adding path '.'
2011-03-23 17:34:34,122 - FileResourceLoader : initialization complete.
2011-03-23 17:34:34,156 - ResourceCache: initialized (class org.apache.velocity.runtime.resource.ResourceCacheImpl) with class java.util.Collections$SynchronizedMap cache map.
2011-03-23 17:34:34,156 - Default ResourceManager initialization complete.
2011-03-23 17:34:34,158 - Loaded System Directive: org.apache.velocity.runtime.directive.Stop
2011-03-23 17:34:34,160 - Loaded System Directive: org.apache.velocity.runtime.directive.Define
2011-03-23 17:34:34,161 - Loaded System Directive: org.apache.velocity.runtime.directive.Break
2011-03-23 17:34:34,161 - Loaded System Directive: org.apache.velocity.runtime.directive.Evaluate
2011-03-23 17:34:34,162 - Loaded System Directive: org.apache.velocity.runtime.directive.Literal
2011-03-23 17:34:34,162 - Loaded System Directive: org.apache.velocity.runtime.directive.Macro
2011-03-23 17:34:34,163 - Loaded System Directive: org.apache.velocity.runtime.directive.Parse
2011-03-23 17:34:34,164 - Loaded System Directive: org.apache.velocity.runtime.directive.Include
2011-03-23 17:34:34,165 - Loaded System Directive: org.apache.velocity.runtime.directive.Foreach
2011-03-23 17:34:34,196 - Created '20' parsers.
2011-03-23 17:34:34,200 - Velocimacro : initialization starting.
2011-03-23 17:34:34,200 - Velocimacro : "velocimacro.library" is not set.  Trying default library: VM_global_library.vm
2011-03-23 17:34:34,200 - Velocimacro : Default library not found.
2011-03-23 17:34:34,200 - Velocimacro : allowInline = true : VMs can be defined inline in templates
2011-03-23 17:34:34,200 - Velocimacro : allowInlineToOverride = false : VMs defined inline may NOT replace previous VM definitions
2011-03-23 17:34:34,200 - Velocimacro : allowInlineLocal = false : VMs defined inline will be global in scope if allowed.
2011-03-23 17:34:34,200 - Velocimacro : autoload off : VM system will not automatically reload global library macros
2011-03-23 17:34:34,200 - Velocimacro : Velocimacro : initialization complete.
2011-03-23 17:34:34,201 - RuntimeInstance successfully initialized.
2011-03-23 17:34:34,202 - ResourceManager : unable to find resource './src/VMDemo.vm' in any resource loader.
2011-03-23 17:35:27,274 - Log4JLogChute initialized using file 'velocity.log'
2011-03-23 17:35:27,275 - Initializing Velocity, Calling init()...
2011-03-23 17:35:27,275 - *******************************************************************
2011-03-23 17:35:27,275 - Starting Apache Velocity v1.7 (compiled: 2010-11-19 12:14:37)
2011-03-23 17:35:27,275 - RuntimeInstance initializing.
2011-03-23 17:35:27,275 - Default Properties File: org/apache/velocity/runtime/defaults/velocity.properties
2011-03-23 17:35:27,275 - Trying to use logger class org.apache.velocity.runtime.log.AvalonLogChute
2011-03-23 17:35:27,275 - Target log system for org.apache.velocity.runtime.log.AvalonLogChute is not available (java.lang.NoClassDefFoundError: org/apache/log/format/Formatter).  Falling back to next log system...
2011-03-23 17:35:27,275 - Trying to use logger class org.apache.velocity.runtime.log.Log4JLogChute
2011-03-23 17:35:27,275 - Using logger class org.apache.velocity.runtime.log.Log4JLogChute
2011-03-23 17:35:27,277 - Default ResourceManager initializing. (class org.apache.velocity.runtime.resource.ResourceManagerImpl)
2011-03-23 17:35:27,279 - ResourceLoader instantiated: org.apache.velocity.runtime.resource.loader.FileResourceLoader
2011-03-23 17:35:27,280 - FileResourceLoader : initialization starting.
2011-03-23 17:35:27,280 - Do unicode file recognition:  false
2011-03-23 17:35:27,280 - FileResourceLoader : adding path '.'
2011-03-23 17:35:27,280 - FileResourceLoader : initialization complete.
2011-03-23 17:35:27,294 - ResourceCache: initialized (class org.apache.velocity.runtime.resource.ResourceCacheImpl) with class java.util.Collections$SynchronizedMap cache map.
2011-03-23 17:35:27,294 - Default ResourceManager initialization complete.
2011-03-23 17:35:27,296 - Loaded System Directive: org.apache.velocity.runtime.directive.Stop
2011-03-23 17:35:27,297 - Loaded System Directive: org.apache.velocity.runtime.directive.Define
2011-03-23 17:35:27,297 - Loaded System Directive: org.apache.velocity.runtime.directive.Break
2011-03-23 17:35:27,298 - Loaded System Directive: org.apache.velocity.runtime.directive.Evaluate
2011-03-23 17:35:27,298 - Loaded System Directive: org.apache.velocity.runtime.directive.Literal
2011-03-23 17:35:27,299 - Loaded System Directive: org.apache.velocity.runtime.directive.Macro
2011-03-23 17:35:27,300 - Loaded System Directive: org.apache.velocity.runtime.directive.Parse
2011-03-23 17:35:27,301 - Loaded System Directive: org.apache.velocity.runtime.directive.Include
2011-03-23 17:35:27,302 - Loaded System Directive: org.apache.velocity.runtime.directive.Foreach
2011-03-23 17:35:27,332 - Created '20' parsers.
2011-03-23 17:35:27,336 - Velocimacro : initialization starting.
2011-03-23 17:35:27,336 - Velocimacro : "velocimacro.library" is not set.  Trying default library: VM_global_library.vm
2011-03-23 17:35:27,336 - Velocimacro : Default library not found.
2011-03-23 17:35:27,336 - Velocimacro : allowInline = true : VMs can be defined inline in templates
2011-03-23 17:35:27,337 - Velocimacro : allowInlineToOverride = false : VMs defined inline may NOT replace previous VM definitions
2011-03-23 17:35:27,337 - Velocimacro : allowInlineLocal = false : VMs defined inline will be global in scope if allowed.
2011-03-23 17:35:27,337 - Velocimacro : autoload off : VM system will not automatically reload global library macros
2011-03-23 17:35:27,337 - Velocimacro : Velocimacro : initialization complete.
2011-03-23 17:35:27,337 - RuntimeInstance successfully initialized.
2011-03-23 17:35:27,338 - ResourceManager : unable to find resource './templates/poc.vm' in any resource loader.
2011-03-23 17:35:39,222 - Log4JLogChute initialized using file 'velocity.log'
2011-03-23 17:35:39,222 - Initializing Velocity, Calling init()...
2011-03-23 17:35:39,223 - *******************************************************************
2011-03-23 17:35:39,223 - Starting Apache Velocity v1.7 (compiled: 2010-11-19 12:14:37)
2011-03-23 17:35:39,223 - RuntimeInstance initializing.
2011-03-23 17:35:39,223 - Default Properties File: org/apache/velocity/runtime/defaults/velocity.properties
2011-03-23 17:35:39,223 - Trying to use logger class org.apache.velocity.runtime.log.AvalonLogChute
2011-03-23 17:35:39,223 - Target log system for org.apache.velocity.runtime.log.AvalonLogChute is not available (java.lang.NoClassDefFoundError: org/apache/log/format/Formatter).  Falling back to next log system...
2011-03-23 17:35:39,223 - Trying to use logger class org.apache.velocity.runtime.log.Log4JLogChute
2011-03-23 17:35:39,223 - Using logger class org.apache.velocity.runtime.log.Log4JLogChute
2011-03-23 17:35:39,224 - Default ResourceManager initializing. (class org.apache.velocity.runtime.resource.ResourceManagerImpl)
2011-03-23 17:35:39,227 - ResourceLoader instantiated: org.apache.velocity.runtime.resource.loader.FileResourceLoader
2011-03-23 17:35:39,228 - FileResourceLoader : initialization starting.
2011-03-23 17:35:39,228 - Do unicode file recognition:  false
2011-03-23 17:35:39,228 - FileResourceLoader : adding path '.'
2011-03-23 17:35:39,228 - FileResourceLoader : initialization complete.
2011-03-23 17:35:39,242 - ResourceCache: initialized (class org.apache.velocity.runtime.resource.ResourceCacheImpl) with class java.util.Collections$SynchronizedMap cache map.
2011-03-23 17:35:39,242 - Default ResourceManager initialization complete.
2011-03-23 17:35:39,244 - Loaded System Directive: org.apache.velocity.runtime.directive.Stop
2011-03-23 17:35:39,245 - Loaded System Directive: org.apache.velocity.runtime.directive.Define
2011-03-23 17:35:39,245 - Loaded System Directive: org.apache.velocity.runtime.directive.Break
2011-03-23 17:35:39,246 - Loaded System Directive: org.apache.velocity.runtime.directive.Evaluate
2011-03-23 17:35:39,246 - Loaded System Directive: org.apache.velocity.runtime.directive.Literal
2011-03-23 17:35:39,247 - Loaded System Directive: org.apache.velocity.runtime.directive.Macro
2011-03-23 17:35:39,248 - Loaded System Directive: org.apache.velocity.runtime.directive.Parse
2011-03-23 17:35:39,249 - Loaded System Directive: org.apache.velocity.runtime.directive.Include
2011-03-23 17:35:39,250 - Loaded System Directive: org.apache.velocity.runtime.directive.Foreach
2011-03-23 17:35:39,280 - Created '20' parsers.
2011-03-23 17:35:39,284 - Velocimacro : initialization starting.
2011-03-23 17:35:39,284 - Velocimacro : "velocimacro.library" is not set.  Trying default library: VM_global_library.vm
2011-03-23 17:35:39,284 - Velocimacro : Default library not found.
2011-03-23 17:35:39,284 - Velocimacro : allowInline = true : VMs can be defined inline in templates
2011-03-23 17:35:39,284 - Velocimacro : allowInlineToOverride = false : VMs defined inline may NOT replace previous VM definitions
2011-03-23 17:35:39,284 - Velocimacro : allowInlineLocal = false : VMs defined inline will be global in scope if allowed.
2011-03-23 17:35:39,284 - Velocimacro : autoload off : VM system will not automatically reload global library macros
2011-03-23 17:35:39,285 - Velocimacro : Velocimacro : initialization complete.
2011-03-23 17:35:39,285 - RuntimeInstance successfully initialized.
2011-03-23 17:35:39,301 - ResourceManager : found ./tamplates/poc.vm with loader org.apache.velocity.runtime.resource.loader.FileResourceLoader
